<?xml version="1.0" encoding="UTF-8"?>
<testsuite name="iut.but2.tp1.TestUsageFile1Element" tests="10" skipped="0" failures="0" errors="0" timestamp="2026-09-08T15:45:07" hostname="u-inf-j-e113-05" time="0.015">
  <properties/>
  <testcase name="taille()" classname="iut.but2.tp1.TestUsageFile1Element" time="0.006"/>
  <testcase name="consult0()" classname="iut.but2.tp1.TestUsageFile1Element" time="0.001"/>
  <testcase name="consult10()" classname="iut.but2.tp1.TestUsageFile1Element" time="0.001"/>
  <testcase name="suppr_taille()" classname="iut.but2.tp1.TestUsageFile1Element" time="0.0"/>
  <testcase name="suppr()" classname="iut.but2.tp1.TestUsageFile1Element" time="0.001"/>
  <testcase name="suppr_listefin()" classname="iut.but2.tp1.TestUsageFile1Element" time="0.001"/>
  <testcase name="listedebut()" classname="iut.but2.tp1.TestUsageFile1Element" time="0.003"/>
  <testcase name="listeFin()" classname="iut.but2.tp1.TestUsageFile1Element" time="0.0"/>
  <testcase name="suppr_listedebut()" classname="iut.but2.tp1.TestUsageFile1Element" time="0.0"/>
  <testcase name="suppr_consult()" classname="iut.but2.tp1.TestUsageFile1Element" time="0.0"/>
  <system-out><![CDATA[]]></system-out>
  <system-err><![CDATA[]]></system-err>
</testsuite>
